<?xml version="1.0" encoding="UTF-8"?>
<!-- Generated by org.testng.reporters.JUnitReportReporter -->
<testsuite skipped="0" hostname="DESKTOP-KL0OQDB" name="com.simple.testng.ExceptionTest" tests="1" failures="0" timestamp="18 Nov 2021 16:50:20 GMT" time="0.015" errors="0">
  <testcase name="testing" time="0.015" classname="com.simple.testng.ExceptionTest"/>
</testsuite> <!-- com.simple.testng.ExceptionTest -->
