<?xml version="1.0" encoding="UTF-8"?>
<!-- Generated by org.testng.reporters.JUnitReportReporter -->
<testsuite skipped="0" hostname="DESKTOP-KL0OQDB" name="com.simple.testng.GroupTesting" tests="4" failures="0" timestamp="21 Oct 2021 00:20:58 GMT" time="0.019" errors="0">
  <testcase name="selenium2" time="0.002" classname="com.simple.testng.GroupTesting"/>
  <testcase name="Apache1" time="0.013" classname="com.simple.testng.GroupTesting"/>
  <testcase name="Apache2" time="0.002" classname="com.simple.testng.GroupTesting"/>
  <testcase name="selenium1" time="0.002" classname="com.simple.testng.GroupTesting"/>
</testsuite> <!-- com.simple.testng.GroupTesting -->
