<?xml version="1.0" encoding="UTF-8"?>
<!-- Generated by org.testng.reporters.JUnitReportReporter -->
<testsuite skipped="0" hostname="DESKTOP-KL0OQDB" name="com.simple.testng.Invocation" tests="10" failures="0" timestamp="14 Oct 2021 13:34:30 GMT" time="0.046" errors="0">
  <testcase name="mobiles" time="0.007" classname="com.simple.testng.Invocation"/>
  <testcase name="mobiles" time="0.004" classname="com.simple.testng.Invocation"/>
  <testcase name="market" time="0.003" classname="com.simple.testng.Invocation"/>
  <testcase name="market" time="0.004" classname="com.simple.testng.Invocation"/>
  <testcase name="searchLaptop" time="0.002" classname="com.simple.testng.Invocation"/>
  <testcase name="market" time="0.003" classname="com.simple.testng.Invocation"/>
  <testcase name="mobiles" time="0.002" classname="com.simple.testng.Invocation"/>
  <testcase name="market" time="0.005" classname="com.simple.testng.Invocation"/>
  <testcase name="grocery" time="0.014" classname="com.simple.testng.Invocation"/>
  <testcase name="market" time="0.002" classname="com.simple.testng.Invocation"/>
</testsuite> <!-- com.simple.testng.Invocation -->
