<?xml version="1.0" encoding="UTF-8"?>
<!-- Generated by org.testng.reporters.JUnitReportReporter -->
<testsuite skipped="0" hostname="DESKTOP-KL0OQDB" name="com.simple.testng.PriorityTest" tests="5" failures="0" timestamp="18 Nov 2021 17:01:05 GMT" time="0.024" errors="0">
  <testcase name="grocery" time="0.014" classname="com.simple.testng.PriorityTest"/>
  <testcase name="car" time="0.004" classname="com.simple.testng.PriorityTest"/>
  <testcase name="shops" time="0.003" classname="com.simple.testng.PriorityTest"/>
  <testcase name="bike" time="0.002" classname="com.simple.testng.PriorityTest"/>
  <testcase name="Airplanes" time="0.001" classname="com.simple.testng.PriorityTest"/>
</testsuite> <!-- com.simple.testng.PriorityTest -->
